<?xml version="1.0" encoding="UTF-8"?>
<!-- Generated by org.testng.reporters.JUnitReportReporter -->
<testsuite hostname="WKWIN4229901" failures="0" tests="2" name="getCourseDetails.GetCourseDetails" time="3.852" errors="0" timestamp="03 Jan 2025 18:51:25 GMT" skipped="0">
  <testcase classname="getCourseDetails.GetCourseDetails" name="getCourseDetails" time="0.151"/>
  <testcase classname="getCourseDetails.GetCourseDetails" name="getAccessTokenFromAuthorizationServer" time="3.701"/>
</testsuite> <!-- getCourseDetails.GetCourseDetails -->
