<?xml version="1.0" encoding="UTF-8"?>
<!-- Generated by org.testng.reporters.JUnitReportReporter -->
<testsuite hostname="WKWIN4229901" failures="0" tests="1" name="getCourseDetails.GetAccessTokenFromAuthorizationServer" time="3.494" errors="0" timestamp="03 Jan 2025 18:34:35 GMT" skipped="0">
  <testcase classname="getCourseDetails.GetAccessTokenFromAuthorizationServer" name="getAccessTokenFromAuthorizationServer" time="3.494"/>
</testsuite> <!-- getCourseDetails.GetAccessTokenFromAuthorizationServer -->
