<?xml version="1.0" encoding="UTF-8"?>
<!-- Generated by org.testng.reporters.JUnitReportReporter -->
<testsuite hostname="WKWIN4229901" failures="0" tests="3" name="LibraryAPITest" time="1.907" errors="0" timestamp="28 Dec 2024 09:20:14 GMT" skipped="0">
  <testcase classname="LibraryAPITest" name="validateCreateBookAPI" time="0.121"/>
  <testcase classname="LibraryAPITest" name="validateCreateBookAPI" time="1.664"/>
  <testcase classname="LibraryAPITest" name="validateCreateBookAPI" time="0.122"/>
</testsuite> <!-- LibraryAPITest -->
