<?xml version="1.0" encoding="UTF-8"?>
<!-- Generated by org.testng.reporters.JUnitReportReporter -->
<testsuite hostname="WKWIN4229901" failures="0" tests="1" name="platziAPIStore.ValidateGetAPI" time="3.983" errors="0" timestamp="03 Jan 2025 09:06:03 GMT" skipped="0">
  <testcase classname="platziAPIStore.ValidateGetAPI" name="getSingleProductDetails" time="3.983"/>
</testsuite> <!-- platziAPIStore.ValidateGetAPI -->
