<?xml version="1.0" encoding="UTF-8"?>
<!-- Generated by org.testng.reporters.JUnitReportReporter -->
<testsuite hostname="WKWIN4229901" failures="0" tests="1" name="platziAPIStore.CreateProductAPI" time="5.572" errors="0" timestamp="03 Jan 2025 12:41:47 GMT" skipped="0">
  <testcase classname="platziAPIStore.CreateProductAPI" name="validateCreateProductAPI" time="5.572"/>
</testsuite> <!-- platziAPIStore.CreateProductAPI -->
