<?xml version="1.0" encoding="UTF-8"?>
<!-- Generated by org.testng.reporters.JUnitReportReporter -->
<testsuite hostname="WKWIN4229901" failures="0" tests="2" name="platziAPIStore.DeleteProductAPI" time="1.465" errors="0" timestamp="03 Jan 2025 12:41:47 GMT" skipped="0">
  <testcase classname="platziAPIStore.DeleteProductAPI" name="validateCreateProductAPI" time="0.782"/>
  <testcase classname="platziAPIStore.DeleteProductAPI" name="deleteProduct" time="0.683"/>
</testsuite> <!-- platziAPIStore.DeleteProductAPI -->
