<?xml version="1.0" encoding="UTF-8"?>
<!-- Generated by org.testng.reporters.JUnitReportReporter -->
<testsuite hostname="WKWIN4229901" failures="0" tests="1" name="platziAPIStore.CreateProduct" time="3.776" errors="0" timestamp="03 Jan 2025 11:06:36 GMT" skipped="0">
  <testcase classname="platziAPIStore.CreateProduct" name="validateCreateProductAPI" time="3.776"/>
</testsuite> <!-- platziAPIStore.CreateProduct -->
